# JRE version: OpenJDK Runtime Environment Temurin-21.0.10+7 (21.0.10+7) (build 21.0.10+7-LTS)
# Java VM: OpenJDK 64-Bit Server VM Temurin-21.0.10+7 (21.0.10+7-LTS, mixed mode, sharing, tiered, compressed oops, compressed class ptrs, parallel gc, windows-amd64)
GC Precious Log:
 CardTable entry size: 512
 CPUs: 4 total, 4 available
 Memory: 3894M
 Large Page Support: Disabled
 NUMA Support: Disabled
 Compressed Oops: Enabled (32-bit)
 Alignments: Space 512K, Generation 512K, Heap 2M
 Heap Min Capacity: 100M
 Heap Initial Capacity: 100M
 Heap Max Capacity: 2G
 Pre-touch: Disabled
 Parallel Workers: 4
Heap:
 PSYoungGen      total 22016K, used 987K [0x00000000d5580000, 0x00000000d7400000, 0x0000000100000000)
  eden space 21504K, 3% used [0x00000000d5580000,0x00000000d5636f48,0x00000000d6a80000)
  from space 512K, 50% used [0x00000000d7380000,0x00000000d73c0000,0x00000000d7400000)
  to   space 512K, 0% used [0x00000000d7300000,0x00000000d7300000,0x00000000d7380000)
 ParOldGen       total 68608K, used 37513K [0x0000000080000000, 0x0000000084300000, 0x00000000d5580000)
  object space 68608K, 54% used [0x0000000080000000,0x00000000824a2628,0x0000000084300000)
 Metaspace       used 51354K, committed 52416K, reserved 1114112K
  class space    used 5606K, committed 6080K, reserved 1048576K
GC Heap History (20 events):
Event: 61.555 GC heap before
{Heap before GC invocations=21 (full 2):
 PSYoungGen      total 23552K, used 23360K [0x00000000d5580000, 0x00000000d6e80000, 0x0000000100000000)
  eden space 22016K, 100% used [0x00000000d5580000,0x00000000d6b00000,0x00000000d6b00000)
  from space 1536K, 87% used [0x00000000d6d00000,0x00000000d6e50000,0x00000000d6e80000)
  to   space 1536K, 0% used [0x00000000d6b00000,0x00000000d6b00000,0x00000000d6c80000)
 ParOldGen       total 68608K, used 21919K [0x0000000080000000, 0x0000000084300000, 0x00000000d5580000)
  object space 68608K, 31% used [0x0000000080000000,0x0000000081567df0,0x0000000084300000)
 Metaspace       used 45905K, committed 46976K, reserved 1114112K
  class space    used 4975K, committed 5440K, reserved 1048576K
}
Event: 61.562 GC heap after
{Heap after GC invocations=21 (full 2):
 PSYoungGen      total 23552K, used 1513K [0x00000000d5580000, 0x00000000d7100000, 0x0000000100000000)
  eden space 22016K, 0% used [0x00000000d5580000,0x00000000d5580000,0x00000000d6b00000)
  from space 1536K, 98% used [0x00000000d6b00000,0x00000000d6c7a460,0x00000000d6c80000)
  to   space 3072K, 0% used [0x00000000d6e00000,0x00000000d6e00000,0x00000000d7100000)
 ParOldGen       total 68608K, used 23134K [0x0000000080000000, 0x0000000084300000, 0x00000000d5580000)
  object space 68608K, 33% used [0x0000000080000000,0x0000000081697b00,0x0000000084300000)
 Metaspace       used 45905K, committed 46976K, reserved 1114112K
  class space    used 4975K, committed 5440K, reserved 1048576K
}
Event: 62.817 GC heap before
{Heap before GC invocations=22 (full 2):
 PSYoungGen      total 23552K, used 23525K [0x00000000d5580000, 0x00000000d7100000, 0x0000000100000000)
  eden space 22016K, 99% used [0x00000000d5580000,0x00000000d6aff2f0,0x00000000d6b00000)
  from space 1536K, 98% used [0x00000000d6b00000,0x00000000d6c7a460,0x00000000d6c80000)
  to   space 3072K, 0% used [0x00000000d6e00000,0x00000000d6e00000,0x00000000d7100000)
 ParOldGen       total 68608K, used 23134K [0x0000000080000000, 0x0000000084300000, 0x00000000d5580000)
  object space 68608K, 33% used [0x0000000080000000,0x0000000081697b00,0x0000000084300000)
 Metaspace       used 48227K, committed 49408K, reserved 1114112K
  class space    used 5277K, committed 5824K, reserved 1048576K
}
Event: 62.823 GC heap after
{Heap after GC invocations=22 (full 2):
 PSYoungGen      total 23552K, used 1072K [0x00000000d5580000, 0x00000000d6f80000, 0x0000000100000000)
  eden space 22016K, 0% used [0x00000000d5580000,0x00000000d5580000,0x00000000d6b00000)
  from space 1536K, 69% used [0x00000000d6e00000,0x00000000d6f0c010,0x00000000d6f80000)
  to   space 2048K, 0% used [0x00000000d6b80000,0x00000000d6b80000,0x00000000d6d80000)
 ParOldGen       total 68608K, used 24509K [0x0000000080000000, 0x0000000084300000, 0x00000000d5580000)
  object space 68608K, 35% used [0x0000000080000000,0x00000000817ef648,0x0000000084300000)
 Metaspace       used 48227K, committed 49408K, reserved 1114112K
  class space    used 5277K, committed 5824K, reserved 1048576K
}
Event: 65.864 GC heap before
{Heap before GC invocations=23 (full 2):
 PSYoungGen      total 23552K, used 23088K [0x00000000d5580000, 0x00000000d6f80000, 0x0000000100000000)
  eden space 22016K, 100% used [0x00000000d5580000,0x00000000d6b00000,0x00000000d6b00000)
  from space 1536K, 69% used [0x00000000d6e00000,0x00000000d6f0c010,0x00000000d6f80000)
  to   space 2048K, 0% used [0x00000000d6b80000,0x00000000d6b80000,0x00000000d6d80000)
 ParOldGen       total 68608K, used 24509K [0x0000000080000000, 0x0000000084300000, 0x00000000d5580000)
  object space 68608K, 35% used [0x0000000080000000,0x00000000817ef648,0x0000000084300000)
 Metaspace       used 49875K, committed 51008K, reserved 1114112K
  class space    used 5452K, committed 5952K, reserved 1048576K
}
Event: 65.873 GC heap after
{Heap after GC invocations=23 (full 2):
 PSYoungGen      total 24064K, used 2016K [0x00000000d5580000, 0x00000000d7400000, 0x0000000100000000)
  eden space 22016K, 0% used [0x00000000d5580000,0x00000000d5580000,0x00000000d6b00000)
  from space 2048K, 98% used [0x00000000d6b80000,0x00000000d6d781f8,0x00000000d6d80000)
  to   space 4608K, 0% used [0x00000000d6f80000,0x00000000d6f80000,0x00000000d7400000)
 ParOldGen       total 68608K, used 26469K [0x0000000080000000, 0x0000000084300000, 0x00000000d5580000)
  object space 68608K, 38% used [0x0000000080000000,0x00000000819d9730,0x0000000084300000)
 Metaspace       used 49875K, committed 51008K, reserved 1114112K
  class space    used 5452K, committed 5952K, reserved 1048576K
}
Event: 69.611 GC heap before
{Heap before GC invocations=24 (full 2):
 PSYoungGen      total 24064K, used 24032K [0x00000000d5580000, 0x00000000d7400000, 0x0000000100000000)
  eden space 22016K, 100% used [0x00000000d5580000,0x00000000d6b00000,0x00000000d6b00000)
  from space 2048K, 98% used [0x00000000d6b80000,0x00000000d6d781f8,0x00000000d6d80000)
  to   space 4608K, 0% used [0x00000000d6f80000,0x00000000d6f80000,0x00000000d7400000)
 ParOldGen       total 68608K, used 26469K [0x0000000080000000, 0x0000000084300000, 0x00000000d5580000)
  object space 68608K, 38% used [0x0000000080000000,0x00000000819d9730,0x0000000084300000)
 Metaspace       used 50051K, committed 51136K, reserved 1114112K
  class space    used 5468K, committed 5952K, reserved 1048576K
}
Event: 69.620 GC heap after
{Heap after GC invocations=24 (full 2):
 PSYoungGen      total 24576K, used 2230K [0x00000000d5580000, 0x00000000d7200000, 0x0000000100000000)
  eden space 22016K, 0% used [0x00000000d5580000,0x00000000d5580000,0x00000000d6b00000)
  from space 2560K, 87% used [0x00000000d6f80000,0x00000000d71adb78,0x00000000d7200000)
  to   space 3072K, 0% used [0x00000000d6c00000,0x00000000d6c00000,0x00000000d6f00000)
 ParOldGen       total 68608K, used 28345K [0x0000000080000000, 0x0000000084300000, 0x00000000d5580000)
  object space 68608K, 41% used [0x0000000080000000,0x0000000081bae728,0x0000000084300000)
 Metaspace       used 50051K, committed 51136K, reserved 1114112K
  class space    used 5468K, committed 5952K, reserved 1048576K
}
Event: 69.780 GC heap before
{Heap before GC invocations=25 (full 2):
 PSYoungGen      total 24576K, used 24246K [0x00000000d5580000, 0x00000000d7200000, 0x0000000100000000)
  eden space 22016K, 100% used [0x00000000d5580000,0x00000000d6b00000,0x00000000d6b00000)
  from space 2560K, 87% used [0x00000000d6f80000,0x00000000d71adb78,0x00000000d7200000)
  to   space 3072K, 0% used [0x00000000d6c00000,0x00000000d6c00000,0x00000000d6f00000)
 ParOldGen       total 68608K, used 28345K [0x0000000080000000, 0x0000000084300000, 0x00000000d5580000)
  object space 68608K, 41% used [0x0000000080000000,0x0000000081bae728,0x0000000084300000)
 Metaspace       used 50089K, committed 51200K, reserved 1114112K
  class space    used 5468K, committed 5952K, reserved 1048576K
}
Event: 69.785 GC heap after
{Heap after GC invocations=25 (full 2):
 PSYoungGen      total 23552K, used 1312K [0x00000000d5580000, 0x00000000d7000000, 0x0000000100000000)
  eden space 22016K, 0% used [0x00000000d5580000,0x00000000d5580000,0x00000000d6b00000)
  from space 1536K, 85% used [0x00000000d6c00000,0x00000000d6d48000,0x00000000d6d80000)
  to   space 2048K, 0% used [0x00000000d6e00000,0x00000000d6e00000,0x00000000d7000000)
 ParOldGen       total 68608K, used 28797K [0x0000000080000000, 0x0000000084300000, 0x00000000d5580000)
  object space 68608K, 41% used [0x0000000080000000,0x0000000081c1f6f0,0x0000000084300000)
 Metaspace       used 50089K, committed 51200K, reserved 1114112K
  class space    used 5468K, committed 5952K, reserved 1048576K
}
Event: 69.862 GC heap before
{Heap before GC invocations=26 (full 2):
 PSYoungGen      total 23552K, used 23328K [0x00000000d5580000, 0x00000000d7000000, 0x0000000100000000)
  eden space 22016K, 100% used [0x00000000d5580000,0x00000000d6b00000,0x00000000d6b00000)
  from space 1536K, 85% used [0x00000000d6c00000,0x00000000d6d48000,0x00000000d6d80000)
  to   space 2048K, 0% used [0x00000000d6e00000,0x00000000d6e00000,0x00000000d7000000)
 ParOldGen       total 68608K, used 28797K [0x0000000080000000, 0x0000000084300000, 0x00000000d5580000)
  object space 68608K, 41% used [0x0000000080000000,0x0000000081c1f6f0,0x0000000084300000)
 Metaspace       used 50103K, committed 51200K, reserved 1114112K
  class space    used 5470K, committed 5952K, reserved 1048576K
}
Event: 69.867 GC heap after
{Heap after GC invocations=26 (full 2):
 PSYoungGen      total 23552K, used 2048K [0x00000000d5580000, 0x00000000d7200000, 0x0000000100000000)
  eden space 21504K, 0% used [0x00000000d5580000,0x00000000d5580000,0x00000000d6a80000)
  from space 2048K, 100% used [0x00000000d6e00000,0x00000000d7000000,0x00000000d7000000)
  to   space 3584K, 0% used [0x00000000d6a80000,0x00000000d6a80000,0x00000000d6e00000)
 ParOldGen       total 68608K, used 29982K [0x0000000080000000, 0x0000000084300000, 0x00000000d5580000)
  object space 68608K, 43% used [0x0000000080000000,0x0000000081d47828,0x0000000084300000)
 Metaspace       used 50103K, committed 51200K, reserved 1114112K
  class space    used 5470K, committed 5952K, reserved 1048576K
}
Event: 69.969 GC heap before
{Heap before GC invocations=27 (full 2):
 PSYoungGen      total 23552K, used 23551K [0x00000000d5580000, 0x00000000d7200000, 0x0000000100000000)
  eden space 21504K, 99% used [0x00000000d5580000,0x00000000d6a7ff28,0x00000000d6a80000)
  from space 2048K, 100% used [0x00000000d6e00000,0x00000000d7000000,0x00000000d7000000)
  to   space 3584K, 0% used [0x00000000d6a80000,0x00000000d6a80000,0x00000000d6e00000)
 ParOldGen       total 68608K, used 29982K [0x0000000080000000, 0x0000000084300000, 0x00000000d5580000)
  object space 68608K, 43% used [0x0000000080000000,0x0000000081d47828,0x0000000084300000)
 Metaspace       used 50103K, committed 51200K, reserved 1114112K
  class space    used 5470K, committed 5952K, reserved 1048576K
}
Event: 69.983 GC heap after
{Heap after GC invocations=27 (full 2):
 PSYoungGen      total 25088K, used 3584K [0x00000000d5580000, 0x00000000d7e80000, 0x0000000100000000)
  eden space 21504K, 0% used [0x00000000d5580000,0x00000000d5580000,0x00000000d6a80000)
  from space 3584K, 100% used [0x00000000d6a80000,0x00000000d6e00000,0x00000000d6e00000)
  to   space 10240K, 0% used [0x00000000d7480000,0x00000000d7480000,0x00000000d7e80000)
 ParOldGen       total 68608K, used 35159K [0x0000000080000000, 0x0000000084300000, 0x00000000d5580000)
  object space 68608K, 51% used [0x0000000080000000,0x0000000082255ea0,0x0000000084300000)
 Metaspace       used 50103K, committed 51200K, reserved 1114112K
  class space    used 5470K, committed 5952K, reserved 1048576K
}
Event: 70.171 GC heap before
{Heap before GC invocations=28 (full 2):
 PSYoungGen      total 25088K, used 25088K [0x00000000d5580000, 0x00000000d7e80000, 0x0000000100000000)
  eden space 21504K, 100% used [0x00000000d5580000,0x00000000d6a80000,0x00000000d6a80000)
  from space 3584K, 100% used [0x00000000d6a80000,0x00000000d6e00000,0x00000000d6e00000)
  to   space 10240K, 0% used [0x00000000d7480000,0x00000000d7480000,0x00000000d7e80000)
 ParOldGen       total 68608K, used 35159K [0x0000000080000000, 0x0000000084300000, 0x00000000d5580000)
  object space 68608K, 51% used [0x0000000080000000,0x0000000082255ea0,0x0000000084300000)
 Metaspace       used 50106K, committed 51200K, reserved 1114112K
  class space    used 5470K, committed 5952K, reserved 1048576K
}
Event: 70.176 GC heap after
{Heap after GC invocations=28 (full 2):
 PSYoungGen      total 23552K, used 1856K [0x00000000d5580000, 0x00000000d7680000, 0x0000000100000000)
  eden space 21504K, 0% used [0x00000000d5580000,0x00000000d5580000,0x00000000d6a80000)
  from space 2048K, 90% used [0x00000000d7480000,0x00000000d7650000,0x00000000d7680000)
  to   space 4608K, 0% used [0x00000000d6d80000,0x00000000d6d80000,0x00000000d7200000)
 ParOldGen       total 68608K, used 36635K [0x0000000080000000, 0x0000000084300000, 0x00000000d5580000)
  object space 68608K, 53% used [0x0000000080000000,0x00000000823c6ff0,0x0000000084300000)
 Metaspace       used 50106K, committed 51200K, reserved 1114112K
  class space    used 5470K, committed 5952K, reserved 1048576K
}
Event: 72.261 GC heap before
{Heap before GC invocations=29 (full 2):
 PSYoungGen      total 23552K, used 23360K [0x00000000d5580000, 0x00000000d7680000, 0x0000000100000000)
  eden space 21504K, 100% used [0x00000000d5580000,0x00000000d6a80000,0x00000000d6a80000)
  from space 2048K, 90% used [0x00000000d7480000,0x00000000d7650000,0x00000000d7680000)
  to   space 4608K, 0% used [0x00000000d6d80000,0x00000000d6d80000,0x00000000d7200000)
 ParOldGen       total 68608K, used 36635K [0x0000000080000000, 0x0000000084300000, 0x00000000d5580000)
  object space 68608K, 53% used [0x0000000080000000,0x00000000823c6ff0,0x0000000084300000)
 Metaspace       used 51050K, committed 52224K, reserved 1114112K
  class space    used 5564K, committed 6080K, reserved 1048576K
}
Event: 72.264 GC heap after
{Heap after GC invocations=29 (full 2):
 PSYoungGen      total 26112K, used 493K [0x00000000d5580000, 0x00000000d7500000, 0x0000000100000000)
  eden space 21504K, 0% used [0x00000000d5580000,0x00000000d5580000,0x00000000d6a80000)
  from space 4608K, 10% used [0x00000000d6d80000,0x00000000d6dfb460,0x00000000d7200000)
  to   space 1536K, 0% used [0x00000000d7380000,0x00000000d7380000,0x00000000d7500000)
 ParOldGen       total 68608K, used 37115K [0x0000000080000000, 0x0000000084300000, 0x00000000d5580000)
  object space 68608K, 54% used [0x0000000080000000,0x000000008243eff0,0x0000000084300000)
 Metaspace       used 51050K, committed 52224K, reserved 1114112K
  class space    used 5564K, committed 6080K, reserved 1048576K
}
Event: 84.909 GC heap before
{Heap before GC invocations=30 (full 2):
 PSYoungGen      total 26112K, used 21997K [0x00000000d5580000, 0x00000000d7500000, 0x0000000100000000)
  eden space 21504K, 100% used [0x00000000d5580000,0x00000000d6a80000,0x00000000d6a80000)
  from space 4608K, 10% used [0x00000000d6d80000,0x00000000d6dfb460,0x00000000d7200000)
  to   space 1536K, 0% used [0x00000000d7380000,0x00000000d7380000,0x00000000d7500000)
 ParOldGen       total 68608K, used 37115K [0x0000000080000000, 0x0000000084300000, 0x00000000d5580000)
  object space 68608K, 54% used [0x0000000080000000,0x000000008243eff0,0x0000000084300000)
 Metaspace       used 51354K, committed 52416K, reserved 1114112K
  class space    used 5606K, committed 6080K, reserved 1048576K
}
Event: 84.914 GC heap after
{Heap after GC invocations=30 (full 2):
 PSYoungGen      total 22016K, used 256K [0x00000000d5580000, 0x00000000d7400000, 0x0000000100000000)
  eden space 21504K, 0% used [0x00000000d5580000,0x00000000d5580000,0x00000000d6a80000)
  from space 512K, 50% used [0x00000000d7380000,0x00000000d73c0000,0x00000000d7400000)
  to   space 512K, 0% used [0x00000000d7300000,0x00000000d7300000,0x00000000d7380000)
 ParOldGen       total 68608K, used 37513K [0x0000000080000000, 0x0000000084300000, 0x00000000d5580000)
  object space 68608K, 54% used [0x0000000080000000,0x00000000824a2628,0x0000000084300000)
 Metaspace       used 51354K, committed 52416K, reserved 1114112K
  class space    used 5606K, committed 6080K, reserved 1048576K
}

